#
# A fatal error has been detected by the Java Runtime Environment:
#
#  Internal Error (javaCalls.cpp:51), pid=2344, tid=0x0000000000004934
#  guarantee(thread->is_Java_thread()) failed: crucial check - the VM thread cannot and must not escape to Java code
#
# JRE version: Java(TM) SE Runtime Environment (8.0_333-b02) (build 1.8.0_333-b02)
# Java VM: Java HotSpot(TM) 64-Bit Server VM (25.333-b02 mixed mode windows-amd64 compressed oops)
# Failed to write core dump. Minidumps are not enabled by default on client versions of Windows
#
# If you would like to submit a bug report, please visit:
#   http://bugreport.java.com/bugreport/crash.jsp
#

---------------  T H R E A D  ---------------

Current thread (0x000001c2e686e800):  VMThread [stack: 0x00000031c0100000,0x00000031c0200000] [id=18740]

Stack: [0x00000031c0100000,0x00000031c0200000]
Native frames: (J=compiled Java code, j=interpreted, Vv=VM code, C=native code)
V  [jvm.dll+0x32fc49]
V  [jvm.dll+0x2761a2]
V  [jvm.dll+0x276e4d]
V  [jvm.dll+0x26d777]
V  [jvm.dll+0x20b7bd]
V  [jvm.dll+0x20be07]
V  [jvm.dll+0x32fb62]
V  [jvm.dll+0x20c431]
V  [jvm.dll+0x26e9e5]
V  [jvm.dll+0x26ec2d]
V  [jvm.dll+0x26ed79]
V  [jvm.dll+0x10b618]
V  [jvm.dll+0x107a26]
V  [jvm.dll+0x106dbb]
V  [jvm.dll+0x10606a]
V  [jvm.dll+0xcd94b]
V  [jvm.dll+0xce3e3]
V  [jvm.dll+0x112eb4]
V  [jvm.dll+0x136220]
V  [jvm.dll+0x1b9851]
V  [jvm.dll+0x246507]
V  [jvm.dll+0x244c55]
V  [jvm.dll+0x2453ec]
V  [jvm.dll+0x2456fc]
V  [jvm.dll+0x292edc]
C  [ucrtbase.dll+0x26c0c]
C  [KERNEL32.DLL+0x154e0]
C  [ntdll.dll+0x485b]

VM_Operation (0x00000031c06ff160): GetOrSetLocal, mode: safepoint, requested by thread 0x000001c2e68ec000


---------------  P R O C E S S  ---------------

Java Threads: ( => current thread )
  0x000001c2e921c000 JavaThread "ReaderThread" [_thread_in_native, id=21632, stack(0x00000031c0f00000,0x00000031c1000000)]
  0x000001c2e9106000 JavaThread "Service Thread" daemon [_thread_blocked, id=10552, stack(0x00000031c0d00000,0x00000031c0e00000)]
  0x000001c2e68f9800 JavaThread "C1 CompilerThread3" daemon [_thread_blocked, id=18464, stack(0x00000031c0c00000,0x00000031c0d00000)]
  0x000001c2e68f9000 JavaThread "C2 CompilerThread2" daemon [_thread_blocked, id=5888, stack(0x00000031c0b00000,0x00000031c0c00000)]
  0x000001c2e68f7000 JavaThread "C2 CompilerThread1" daemon [_thread_blocked, id=18332, stack(0x00000031c0a00000,0x00000031c0b00000)]
  0x000001c2e68f5800 JavaThread "C2 CompilerThread0" daemon [_thread_blocked, id=13636, stack(0x00000031c0900000,0x00000031c0a00000)]
  0x000001c2e68f3800 JavaThread "JDWP Command Reader" daemon [_thread_in_native, id=10276, stack(0x00000031c0800000,0x00000031c0900000)]
  0x000001c2e68ef000 JavaThread "JDWP Event Helper Thread" daemon [_thread_blocked, id=15456, stack(0x00000031c0700000,0x00000031c0800000)]
  0x000001c2e68ec000 JavaThread "JDWP Transport Listener: dt_socket" daemon [_thread_blocked, id=20716, stack(0x00000031c0600000,0x00000031c0700000)]
  0x000001c2e68c5000 JavaThread "Attach Listener" daemon [_thread_blocked, id=18452, stack(0x00000031c0500000,0x00000031c0600000)]
  0x000001c2e68c3000 JavaThread "Signal Dispatcher" daemon [_thread_blocked, id=17400, stack(0x00000031c0400000,0x00000031c0500000)]
  0x000001c2e689e800 JavaThread "Finalizer" daemon [_thread_blocked, id=21932, stack(0x00000031c0300000,0x00000031c0400000)]
  0x000001c2e6896000 JavaThread "Reference Handler" daemon [_thread_blocked, id=22324, stack(0x00000031c0200000,0x00000031c0300000)]
  0x000001c2c7218800 JavaThread "main" [_thread_blocked, id=12504, stack(0x00000031bf600000,0x00000031bf700000)]

Other Threads:
=>0x000001c2e686e800 VMThread [stack: 0x00000031c0100000,0x00000031c0200000] [id=18740]
  0x000001c2e915b800 WatcherThread [stack: 0x00000031c0e00000,0x00000031c0f00000] [id=21308]

VM state:at safepoint (normal execution)

VM Mutex/Monitor currently owned by a thread:  ([mutex/lock_event])
[0x000001c2c7216200] Threads_lock - owner thread: 0x000001c2e686e800

heap address: 0x0000000642a00000, size: 6102 MB, Compressed Oops mode: Zero based, Oop shift amount: 3
Narrow klass base: 0x0000000000000000, Narrow klass shift: 3
Compressed class space size: 1073741824 Address: 0x00000007c0000000

Heap:
 PSYoungGen      total 114176K, used 29503K [0x0000000740e00000, 0x0000000748d00000, 0x00000007c0000000)
  eden space 98304K, 30% used [0x0000000740e00000,0x0000000742acfe08,0x0000000746e00000)
  from space 15872K, 0% used [0x0000000747d80000,0x0000000747d80000,0x0000000748d00000)
  to   space 15872K, 0% used [0x0000000746e00000,0x0000000746e00000,0x0000000747d80000)
 ParOldGen       total 261120K, used 0K [0x0000000642a00000, 0x0000000652900000, 0x0000000740e00000)
  object space 261120K, 0% used [0x0000000642a00000,0x0000000642a00000,0x0000000652900000)
 Metaspace       used 7603K, capacity 7784K, committed 7936K, reserved 1056768K
  class space    used 913K, capacity 996K, committed 1024K, reserved 1048576K

Card table byte_map: [0x000001c2d7ef0000,0x000001c2d8ae0000] byte_map_base: 0x000001c2d4cdb000

Marking Bits: (ParMarkBitMap*) 0x000000006ec79030
 Begin Bits: [0x000001c2d92e0000, 0x000001c2df238000)
 End Bits:   [0x000001c2df238000, 0x000001c2e5190000)

Polling page: 0x000001c2c72e0000

CodeCache: size=245760Kb used=3219Kb max_used=3273Kb free=242540Kb
 bounds [0x000001c2c8b30000, 0x000001c2c8e70000, 0x000001c2d7b30000]
 total_blobs=1095 nmethods=807 adapters=209
 compilation: enabled

Compilation events (10 events):
Event: 0.577 Thread 0x000001c2e68f9800 nmethod 803 0x000001c2c8e3a590 code [0x000001c2c8e3a780, 0x000001c2c8e3b100]
Event: 0.577 Thread 0x000001c2e68f9800  804 %     3       java.util.Properties$LineReader::readLine @ 21 (468 bytes)
Event: 0.578 Thread 0x000001c2e68f9800 nmethod 804% 0x000001c2c8e3bc50 code [0x000001c2c8e3bf00, 0x000001c2c8e3dc10]
Event: 0.578 Thread 0x000001c2e68f9800  805       3       java.net.URI::access$300 (7 bytes)
Event: 0.579 Thread 0x000001c2e68f9800 nmethod 805 0x000001c2c8e3a1d0 code [0x000001c2c8e3a340, 0x000001c2c8e3a4d0]
Event: 0.579 Thread 0x000001c2e68f9800  806       3       java.net.URI::match (56 bytes)
Event: 0.579 Thread 0x000001c2e68f9800 nmethod 806 0x000001c2c8e39cd0 code [0x000001c2c8e39e40, 0x000001c2c8e3a158]
Event: 0.588 Thread 0x000001c2e68f9800  807       3       sun.nio.cs.SingleByte$Encoder::encode (32 bytes)
Event: 0.589 Thread 0x000001c2e68f9800 nmethod 807 0x000001c2c8e395d0 code [0x000001c2c8e39740, 0x000001c2c8e39958]
Event: 0.759 Thread 0x000001c2e68f7000 nmethod 636 0x000001c2c8e4c090 code [0x000001c2c8e4c7c0, 0x000001c2c8e57228]

GC Heap History (0 events):
No events

Deoptimization events (3 events):
Event: 0.275 Thread 0x000001c2c7218800 Uncommon trap: reason=unstable_if action=reinterpret pc=0x000001c2c8c9d918 method=java.lang.String.indexOf([CII[CIII)I @ 3
Event: 0.534 Thread 0x000001c2c7218800 Uncommon trap: reason=unstable_if action=reinterpret pc=0x000001c2c8dbf1a8 method=java.util.HashMap$HashIterator.<init>(Ljava/util/HashMap;)V @ 38
Event: 0.586 Thread 0x000001c2c7218800 Uncommon trap: reason=unstable_if action=reinterpret pc=0x000001c2c8d8dc78 method=java.util.HashMap.hash(Ljava/lang/Object;)I @ 1

Classes redefined (4 events):
Event: 896.597 Thread 0x000001c2e686e800 redefined class name=br.com.worldcupbetwebapp.test.TesterClient, count=1
Event: 973.634 Thread 0x000001c2e686e800 redefined class name=br.com.worldcupbetwebapp.test.TesterClient, count=2
Event: 1107.662 Thread 0x000001c2e686e800 redefined class name=br.com.worldcupbetwebapp.test.TesterClient, count=3
Event: 1154.657 Thread 0x000001c2e686e800 redefined class name=br.com.worldcupbetwebapp.test.TesterClient, count=4

Internal exceptions (10 events):
Event: 0.185 Thread 0x000001c2c7218800 Exception <a 'java/security/PrivilegedActionException'> (0x0000000740f39688) thrown at [C:\jenkins\workspace\8-2-build-windows-amd64-cygwin\jdk8u333\2551\hotspot\src\share\vm\prims\jvm.cpp, line 1523]
Event: 0.185 Thread 0x000001c2c7218800 Exception <a 'java/security/PrivilegedActionException'> (0x0000000740f39a80) thrown at [C:\jenkins\workspace\8-2-build-windows-amd64-cygwin\jdk8u333\2551\hotspot\src\share\vm\prims\jvm.cpp, line 1523]
Event: 0.186 Thread 0x000001c2c7218800 Exception <a 'java/security/PrivilegedActionException'> (0x0000000740f3dd60) thrown at [C:\jenkins\workspace\8-2-build-windows-amd64-cygwin\jdk8u333\2551\hotspot\src\share\vm\prims\jvm.cpp, line 1523]
Event: 0.186 Thread 0x000001c2c7218800 Exception <a 'java/security/PrivilegedActionException'> (0x0000000740f3e158) thrown at [C:\jenkins\workspace\8-2-build-windows-amd64-cygwin\jdk8u333\2551\hotspot\src\share\vm\prims\jvm.cpp, line 1523]
Event: 0.405 Thread 0x000001c2c7218800 Exception <a 'java/lang/NoClassDefFoundError': javax/mail/MessagingException> (0x0000000741dfee40) thrown at [C:\jenkins\workspace\8-2-build-windows-amd64-cygwin\jdk8u333\2551\hotspot\src\share\vm\classfile\systemDictionary.cpp, line 201]
Event: 0.490 Thread 0x000001c2c7218800 Exception <a 'java/lang/NoClassDefFoundError': javax/mail/MessagingException> (0x00000007424a58f8) thrown at [C:\jenkins\workspace\8-2-build-windows-amd64-cygwin\jdk8u333\2551\hotspot\src\share\vm\classfile\systemDictionary.cpp, line 201]
Event: 0.534 Thread 0x000001c2c7218800 Implicit null exception at 0x000001c2c8dbef0e to 0x000001c2c8dbf191
Event: 0.553 Thread 0x000001c2c7218800 Exception <a 'java/lang/NoSuchFieldError': method resolution failed> (0x00000007427eaac0) thrown at [C:\jenkins\workspace\8-2-build-windows-amd64-cygwin\jdk8u333\2551\hotspot\src\share\vm\prims\methodHandles.cpp, line 1169]
Event: 0.557 Thread 0x000001c2c7218800 Exception <a 'java/lang/NoSuchFieldError': method resolution failed> (0x00000007427f81b0) thrown at [C:\jenkins\workspace\8-2-build-windows-amd64-cygwin\jdk8u333\2551\hotspot\src\share\vm\prims\methodHandles.cpp, line 1169]
Event: 0.586 Thread 0x000001c2c7218800 Implicit null exception at 0x000001c2c8d8d9d4 to 0x000001c2c8d8dc61

Events (10 events):
Event: 1324.568 Executing VM operation: ChangeBreakpoints done
Event: 1331.933 Executing VM operation: GetCurrentContendedMonitor
Event: 1331.933 Executing VM operation: GetCurrentContendedMonitor done
Event: 1331.933 Executing VM operation: GetOwnedMonitorInfo
Event: 1331.933 Executing VM operation: GetOwnedMonitorInfo done
Event: 1332.449 Executing VM operation: GetCurrentContendedMonitor
Event: 1332.449 Executing VM operation: GetCurrentContendedMonitor done
Event: 1332.449 Executing VM operation: GetOwnedMonitorInfo
Event: 1332.449 Executing VM operation: GetOwnedMonitorInfo done
Event: 1334.977 Executing VM operation: GetOrSetLocal


Dynamic libraries:
0x00007ff6d38b0000 - 0x00007ff6d38f7000 	C:\Program Files\Java\jdk1.8.0_333\jre\bin\javaw.exe
0x00007ffd5f3c0000 - 0x00007ffd5f5c9000 	C:\Windows\SYSTEM32\ntdll.dll
0x00007ffd5d5b0000 - 0x00007ffd5d66d000 	C:\Windows\System32\KERNEL32.DLL
0x00007ffd5cc30000 - 0x00007ffd5cfac000 	C:\Windows\System32\KERNELBASE.dll
0x00007ffd5e0d0000 - 0x00007ffd5e17e000 	C:\Windows\System32\ADVAPI32.dll
0x00007ffd5d6b0000 - 0x00007ffd5d753000 	C:\Windows\System32\msvcrt.dll
0x00007ffd5e190000 - 0x00007ffd5e22e000 	C:\Windows\System32\sechost.dll
0x00007ffd5d760000 - 0x00007ffd5d880000 	C:\Windows\System32\RPCRT4.dll
0x00007ffd5f090000 - 0x00007ffd5f23d000 	C:\Windows\System32\USER32.dll
0x00007ffd5c8a0000 - 0x00007ffd5c8c6000 	C:\Windows\System32\win32u.dll
0x00007ffd5e230000 - 0x00007ffd5e259000 	C:\Windows\System32\GDI32.dll
0x00007ffd5ca70000 - 0x00007ffd5cb89000 	C:\Windows\System32\gdi32full.dll
0x00007ffd5cb90000 - 0x00007ffd5cc2d000 	C:\Windows\System32\msvcp_win.dll
0x00007ffd5c950000 - 0x00007ffd5ca61000 	C:\Windows\System32\ucrtbase.dll
0x00007ffd499f0000 - 0x00007ffd49c95000 	C:\Windows\WinSxS\amd64_microsoft.windows.common-controls_6595b64144ccf1df_6.0.22000.120_none_9d947278b86cc467\COMCTL32.dll
0x00007ffd5d670000 - 0x00007ffd5d6a1000 	C:\Windows\System32\IMM32.DLL
0x00007ffd48240000 - 0x00007ffd48255000 	C:\Program Files\Java\jdk1.8.0_333\jre\bin\vcruntime140.dll
0x00007ffd44db0000 - 0x00007ffd44e4b000 	C:\Program Files\Java\jdk1.8.0_333\jre\bin\msvcp140.dll
0x000000006e490000 - 0x000000006ecf1000 	C:\Program Files\Java\jdk1.8.0_333\jre\bin\server\jvm.dll
0x00007ffd5e180000 - 0x00007ffd5e188000 	C:\Windows\System32\PSAPI.DLL
0x00007ffd58ea0000 - 0x00007ffd58ea9000 	C:\Windows\SYSTEM32\WSOCK32.dll
0x00007ffd55f90000 - 0x00007ffd55fc3000 	C:\Windows\SYSTEM32\WINMM.dll
0x00007ffd55f80000 - 0x00007ffd55f8a000 	C:\Windows\SYSTEM32\VERSION.dll
0x00007ffd5e9e0000 - 0x00007ffd5ea4f000 	C:\Windows\System32\WS2_32.dll
0x00007ffd5ba40000 - 0x00007ffd5ba58000 	C:\Windows\SYSTEM32\kernel.appcore.dll
0x00007ffd56e50000 - 0x00007ffd56e60000 	C:\Program Files\Java\jdk1.8.0_333\jre\bin\verify.dll
0x00007ffd45330000 - 0x00007ffd4535b000 	C:\Program Files\Java\jdk1.8.0_333\jre\bin\java.dll
0x00007ffd44d70000 - 0x00007ffd44da6000 	C:\Program Files\Java\jdk1.8.0_333\jre\bin\jdwp.dll
0x00007ffd56e20000 - 0x00007ffd56e29000 	C:\Program Files\Java\jdk1.8.0_333\jre\bin\npt.dll
0x00007ffd45310000 - 0x00007ffd45328000 	C:\Program Files\Java\jdk1.8.0_333\jre\bin\zip.dll
0x00007ffd5d880000 - 0x00007ffd5e038000 	C:\Windows\System32\SHELL32.dll
0x00007ffd5a600000 - 0x00007ffd5ae68000 	C:\Windows\SYSTEM32\windows.storage.dll
0x00007ffd5ea50000 - 0x00007ffd5edc9000 	C:\Windows\System32\combase.dll
0x00007ffd5a490000 - 0x00007ffd5a5f6000 	C:\Windows\SYSTEM32\wintypes.dll
0x00007ffd5d4c0000 - 0x00007ffd5d5aa000 	C:\Windows\System32\SHCORE.dll
0x00007ffd5f240000 - 0x00007ffd5f29d000 	C:\Windows\System32\shlwapi.dll
0x00007ffd5c7d0000 - 0x00007ffd5c7f1000 	C:\Windows\SYSTEM32\profapi.dll
0x00007ffd56e10000 - 0x00007ffd56e1a000 	C:\Program Files\Java\jdk1.8.0_333\jre\bin\dt_socket.dll
0x00007ffd58de0000 - 0x00007ffd58df7000 	C:\Windows\system32\napinsp.dll
0x00007ffd58dc0000 - 0x00007ffd58ddb000 	C:\Windows\system32\pnrpnsp.dll
0x00007ffd5be70000 - 0x00007ffd5bed7000 	C:\Windows\System32\mswsock.dll
0x00007ffd5b5e0000 - 0x00007ffd5b6c8000 	C:\Windows\SYSTEM32\DNSAPI.dll
0x00007ffd5b570000 - 0x00007ffd5b59d000 	C:\Windows\SYSTEM32\IPHLPAPI.DLL
0x00007ffd5e0c0000 - 0x00007ffd5e0c9000 	C:\Windows\System32\NSI.dll
0x00007ffd56e60000 - 0x00007ffd56e72000 	C:\Windows\System32\winrnr.dll
0x00007ffd538f0000 - 0x00007ffd53905000 	C:\Windows\system32\wshbth.dll
0x00007ffd05b40000 - 0x00007ffd05b5f000 	C:\Windows\system32\nlansp_c.dll
0x00007ffd53930000 - 0x00007ffd539b1000 	C:\Windows\System32\fwpuclnt.dll
0x00007ffd532c0000 - 0x00007ffd532ca000 	C:\Windows\System32\rasadhlp.dll
0x00007ffd44ef0000 - 0x00007ffd44f0c000 	C:\Program Files\Java\jdk1.8.0_333\jre\bin\net.dll
0x00007ffd5af30000 - 0x00007ffd5b151000 	C:\Windows\SYSTEM32\dbghelp.dll
0x00007ffd5c8d0000 - 0x00007ffd5c94f000 	C:\Windows\System32\bcryptPrimitives.dll

VM Arguments:
jvm_args: -agentlib:jdwp=transport=dt_socket,suspend=y,address=localhost:53739 -ea -Dfile.encoding=Cp1252 
java_command: org.eclipse.jdt.internal.junit.runner.RemoteTestRunner -version 3 -port 53738 -testLoaderClass org.eclipse.jdt.internal.junit4.runner.JUnit4TestLoader -loaderpluginname org.eclipse.jdt.junit4.runtime -test br.com.worldcupbetwebapp.test.TesterClient:getAll
java_class_path (initial): C:\Users\Dickson\eclipse-workspace\WorldCupBetWebAppClient\target\test-classes;C:\Users\Dickson\eclipse-workspace\WorldCupBetWebAppClient\target\classes;C:\Users\Dickson\.m2\repository\junit\junit\4.10\junit-4.10.jar;C:\Users\Dickson\.m2\repository\org\hamcrest\hamcrest-core\1.1\hamcrest-core-1.1.jar;C:\Users\Dickson\.m2\repository\com\sun\jersey\jersey-client\1.8\jersey-client-1.8.jar;C:\Users\Dickson\.m2\repository\com\sun\jersey\jersey-core\1.8\jersey-core-1.8.jar;C:\Users\Dickson\eclipse\configuration\org.eclipse.osgi\413\0\.cp;C:\Users\Dickson\eclipse\configuration\org.eclipse.osgi\412\0\.cp
Launcher Type: SUN_STANDARD

Environment Variables:
JAVA_HOME=C:\Program Files\Java\jdk1.8.0_333
PATH=C:\Program Files\Java\jdk1.8.0_333\jre\bin;C:/Program Files/Java/jre1.8.0_333/bin/server;C:/Program Files/Java/jre1.8.0_333/bin;C:/Program Files/Java/jre1.8.0_333/lib/amd64;C:\Program Files (x86)\Common Files\Oracle\Java\javapath;C:\Program Files (x86)\VMware\VMware Player\bin\;C:\Program Files\Java\jdk1.8.0_333\bin;C:\Windows\system32;C:\Windows;C:\Windows\System32\Wbem;C:\Windows\System32\WindowsPowerShell\v1.0\;C:\Windows\System32\OpenSSH\;C:\Program Files (x86)\NVIDIA Corporation\PhysX\Common;C:\Program Files\NVIDIA Corporation\NVIDIA NvDLISR;C:\Program Files\Microsoft SQL Server\130\Tools\Binn\;C:\Program Files\Docker\Docker\resources\bin;C:\ProgramData\DockerDesktop\version-bin;C:\Program Files\Microsoft SQL Server\150\Tools\Binn\;C:\Program Files\Microsoft SQL Server\Client SDK\ODBC\170\Tools\Binn\;C:\Program Files\dotnet\;C:\Program Files (x86)\dotnet\;C:\Program Files\PuTTY\;C:\apache-maven\bin;C:\Program Files\Java\jdk1.8.0_333\bin;C:\Users\Dickson\AppData\Local\Microsoft\WindowsApps;C:\Users\Dickson\.dotnet\tools;C:\Users\Dickson\AppData\Local\GitHubDesktop\bin;C:\Users\Dickson\eclipse;
USERNAME=Dickson
OS=Windows_NT
PROCESSOR_IDENTIFIER=Intel64 Family 6 Model 165 Stepping 2, GenuineIntel



---------------  S Y S T E M  ---------------

OS: Windows 11 , 64 bit Build 22000 (10.0.22000.708)

CPU:total 12 (initial active 12) (6 cores per cpu, 2 threads per core) family 6 model 165 stepping 2, cmov, cx8, fxsr, mmx, sse, sse2, sse3, ssse3, sse4.1, sse4.2, popcnt, avx, avx2, aes, clmul, erms, 3dnowpref, lzcnt, ht, tsc, tscinvbit, bmi1, bmi2, adx

Memory: 4k page, physical 24992820k(11270684k free), swap 31546420k(11005904k free)

vm_info: Java HotSpot(TM) 64-Bit Server VM (25.333-b02) for windows-amd64 JRE (1.8.0_333-b02), built on Apr 25 2022 22:49:11 by "java_re" with MS VC++ 15.9 (VS2017)

time: Tue Sep 27 00:16:22 2022
timezone: Hora oficial do Brasil
elapsed time: 1334.994804 seconds (0d 0h 22m 14s)

